<?xml version="1.0" encoding="UTF-8"?>
<!-- Generated by org.testng.reporters.JUnitReportReporter -->
<testsuite hostname="CO-IT005052" name="com.automation.webDriverMaven.Login" tests="1" failures="0" timestamp="13 Sep 2019 18:50:56 GMT" time="9.890" errors="0">
  <testcase name="doLogin" time="9.890" classname="com.automation.webDriverMaven.Login"/>
</testsuite> <!-- com.automation.webDriverMaven.Login -->
