<?xml version="1.0" encoding="UTF-8"?>
<!-- Generated by org.testng.reporters.JUnitReportReporter -->
<testsuite skipped="0" hostname="CO-IT005052" name="com.automation.webDriverMaven.NewTest" tests="1" failures="0" timestamp="13 sep 2019 21:59:15 GMT" time="9.838" errors="0">
  <testcase name="doLogin" time="9.838" classname="com.automation.webDriverMaven.NewTest"/>
</testsuite> <!-- com.automation.webDriverMaven.NewTest -->
